d:\users\jona\dokumente\c++ tetris\repos\command-line-tetris\debug\vc142.pdb
d:\users\jona\dokumente\c++ tetris\repos\command-line-tetris\debug\utilities.obj
d:\users\jona\dokumente\c++ tetris\repos\command-line-tetris\debug\logger.obj
d:\users\jona\dokumente\c++ tetris\repos\command-line-tetris\debug\ansiescape.obj
d:\users\jona\dokumente\c++ tetris\repos\command-line-tetris\debug\ui.obj
d:\users\jona\dokumente\c++ tetris\repos\command-line-tetris\debug\tile.obj
d:\users\jona\dokumente\c++ tetris\repos\command-line-tetris\debug\tetrisblock.obj
d:\users\jona\dokumente\c++ tetris\repos\command-line-tetris\debug\teewee.obj
d:\users\jona\dokumente\c++ tetris\repos\command-line-tetris\debug\smashboy.obj
d:\users\jona\dokumente\c++ tetris\repos\command-line-tetris\debug\rhodeislandz.obj
d:\users\jona\dokumente\c++ tetris\repos\command-line-tetris\debug\orangericky.obj
d:\users\jona\dokumente\c++ tetris\repos\command-line-tetris\debug\hero.obj
d:\users\jona\dokumente\c++ tetris\repos\command-line-tetris\debug\cleverlandz.obj
d:\users\jona\dokumente\c++ tetris\repos\command-line-tetris\debug\bluericky.obj
d:\users\jona\dokumente\c++ tetris\repos\command-line-tetris\debug\root.obj
d:\users\jona\dokumente\c++ tetris\repos\command-line-tetris\debug\highscore.obj
d:\users\jona\dokumente\c++ tetris\repos\command-line-tetris\debug\keylistener.obj
d:\users\jona\dokumente\c++ tetris\repos\command-line-tetris\debug\keylib.obj
d:\users\jona\dokumente\c++ tetris\repos\command-line-tetris\debug\gamecontroller.obj
d:\users\jona\dokumente\c++ tetris\repos\command-line-tetris\debug\tetrisvs2019.exe
d:\users\jona\dokumente\c++ tetris\repos\command-line-tetris\debug\tetrisvs2019.ilk
d:\users\jona\dokumente\c++ tetris\repos\command-line-tetris\debug\tetrisvs2019.pdb
d:\users\jona\dokumente\c++ tetris\repos\command-line-tetris\debug\tetrisvs2019.tlog\cl.command.1.tlog
d:\users\jona\dokumente\c++ tetris\repos\command-line-tetris\debug\tetrisvs2019.tlog\cl.read.1.tlog
d:\users\jona\dokumente\c++ tetris\repos\command-line-tetris\debug\tetrisvs2019.tlog\cl.write.1.tlog
d:\users\jona\dokumente\c++ tetris\repos\command-line-tetris\debug\tetrisvs2019.tlog\link.command.1.tlog
d:\users\jona\dokumente\c++ tetris\repos\command-line-tetris\debug\tetrisvs2019.tlog\link.read.1.tlog
d:\users\jona\dokumente\c++ tetris\repos\command-line-tetris\debug\tetrisvs2019.tlog\link.write.1.tlog
